<?xml version="1.0" encoding="UTF-8"?>
<!-- Generated by org.testng.reporters.JUnitReportReporter -->
<testsuite hostname="DESKTOP-64PQ17F" failures="0" tests="4" name="demo2.NewTest" time="64.557" errors="0" timestamp="2022-03-24T20:14:47 IST" skipped="0">
  <testcase classname="demo2.NewTest" name="signUp" time="17.015"/>
  <system-out/>
  <testcase classname="demo2.NewTest" name="addcart" time="19.795"/>
  <system-out/>
  <testcase classname="demo2.NewTest" name="search" time="9.867"/>
  <system-out/>
  <testcase classname="demo2.NewTest" name="login" time="17.880"/>
  <system-out/>
</testsuite> <!-- demo2.NewTest -->
